Build started 11/3/2014 9:36:48 PM.
     1>Project "C:\Users\Rhett\Documents\Visual Studio 2010\Projects\Assignment 2\Assignment 2\Assignment 2.vcxproj" on node 2 (build target(s)).
     1>InitializeBuildStatus:
         Creating "Debug\Assignment 2.unsuccessfulbuild" because "AlwaysCreate" was specified.
       ClCompile:
         C:\Program Files (x86)\Microsoft Visual Studio 10.0\VC\bin\CL.exe /c /ZI /nologo /W3 /WX- /Od /Oy- /D _MBCS /Gm /EHsc /RTC1 /MDd /GS /fp:precise /Zc:wchar_t /Zc:forScope /Fo"Debug\\" /Fd"Debug\vc100.pdb" /Gd /TP /analyze- /errorReport:prompt MathLib3D.cpp ParticleSystem3D.cpp
         ParticleSystem3D.cpp
     1>c:\users\rhett\documents\visual studio 2010\projects\assignment 2\assignment 2\particlesystem3d.cpp(27): warning C4244: 'initializing' : conversion from 'int' to 'float', possible loss of data
     1>c:\users\rhett\documents\visual studio 2010\projects\assignment 2\assignment 2\particlesystem3d.cpp(30): warning C4305: 'initializing' : truncation from 'double' to 'float'
     1>c:\users\rhett\documents\visual studio 2010\projects\assignment 2\assignment 2\particlesystem3d.cpp(31): warning C4305: 'initializing' : truncation from 'double' to 'float'
     1>c:\users\rhett\documents\visual studio 2010\projects\assignment 2\assignment 2\particlesystem3d.cpp(158): warning C4305: 'argument' : truncation from 'double' to 'float'
     1>c:\users\rhett\documents\visual studio 2010\projects\assignment 2\assignment 2\particlesystem3d.cpp(158): warning C4305: 'argument' : truncation from 'double' to 'float'
     1>c:\users\rhett\documents\visual studio 2010\projects\assignment 2\assignment 2\particlesystem3d.cpp(159): warning C4305: 'argument' : truncation from 'double' to 'float'
     1>c:\users\rhett\documents\visual studio 2010\projects\assignment 2\assignment 2\particlesystem3d.cpp(159): warning C4305: 'argument' : truncation from 'double' to 'float'
     1>c:\users\rhett\documents\visual studio 2010\projects\assignment 2\assignment 2\particlesystem3d.cpp(167): warning C4244: '=' : conversion from 'int' to 'float', possible loss of data
     1>c:\users\rhett\documents\visual studio 2010\projects\assignment 2\assignment 2\particlesystem3d.cpp(168): warning C4244: '=' : conversion from 'int' to 'float', possible loss of data
     1>c:\users\rhett\documents\visual studio 2010\projects\assignment 2\assignment 2\particlesystem3d.cpp(169): warning C4244: '=' : conversion from 'int' to 'float', possible loss of data
     1>c:\users\rhett\documents\visual studio 2010\projects\assignment 2\assignment 2\particlesystem3d.cpp(171): warning C4305: 'argument' : truncation from 'double' to 'float'
     1>c:\users\rhett\documents\visual studio 2010\projects\assignment 2\assignment 2\particlesystem3d.cpp(171): warning C4305: 'argument' : truncation from 'double' to 'float'
     1>c:\users\rhett\documents\visual studio 2010\projects\assignment 2\assignment 2\particlesystem3d.cpp(172): warning C4305: 'argument' : truncation from 'double' to 'float'
     1>c:\users\rhett\documents\visual studio 2010\projects\assignment 2\assignment 2\particlesystem3d.cpp(274): warning C4305: '+=' : truncation from 'double' to 'float'
     1>c:\users\rhett\documents\visual studio 2010\projects\assignment 2\assignment 2\particlesystem3d.cpp(304): warning C4018: '<' : signed/unsigned mismatch
     1>c:\users\rhett\documents\visual studio 2010\projects\assignment 2\assignment 2\particlesystem3d.cpp(381): warning C4018: '<' : signed/unsigned mismatch
     1>c:\users\rhett\documents\visual studio 2010\projects\assignment 2\assignment 2\particlesystem3d.cpp(450): warning C4244: 'argument' : conversion from 'time_t' to 'unsigned int', possible loss of data
         MathLib3D.cpp
         Generating Code...
       Link:
         C:\Program Files (x86)\Microsoft Visual Studio 10.0\VC\bin\link.exe /ERRORREPORT:PROMPT /OUT:"C:\Users\Rhett\Documents\Visual Studio 2010\Projects\Assignment 2\Debug\Assignment 2.exe" /NOLOGO opengl32.lib freeglut.lib kernel32.lib user32.lib gdi32.lib winspool.lib comdlg32.lib advapi32.lib shell32.lib ole32.lib oleaut32.lib uuid.lib odbc32.lib odbccp32.lib /MANIFEST /ManifestFile:"Debug\Assignment 2.exe.intermediate.manifest" /MANIFESTUAC:"level='asInvoker' uiAccess='false'" /DEBUG /PDB:"C:\Users\Rhett\Documents\Visual Studio 2010\Projects\Assignment 2\Debug\Assignment 2.pdb" /TLBID:1 /DYNAMICBASE /NXCOMPAT /IMPLIB:"C:\Users\Rhett\Documents\Visual Studio 2010\Projects\Assignment 2\Debug\Assignment 2.lib" /MACHINE:X86 Debug\MathLib3D.obj
         Debug\ParticleSystem3D.obj
         Assignment 2.vcxproj -> C:\Users\Rhett\Documents\Visual Studio 2010\Projects\Assignment 2\Debug\Assignment 2.exe
       Manifest:
         C:\Program Files (x86)\Microsoft SDKs\Windows\v7.0A\bin\mt.exe /nologo /verbose /outputresource:"C:\Users\Rhett\Documents\Visual Studio 2010\Projects\Assignment 2\Debug\Assignment 2.exe;#1" /manifest "Debug\Assignment 2.exe.intermediate.manifest"
       FinalizeBuildStatus:
         Deleting file "Debug\Assignment 2.unsuccessfulbuild".
         Touching "Debug\Assignment 2.lastbuildstate".
     1>Done Building Project "C:\Users\Rhett\Documents\Visual Studio 2010\Projects\Assignment 2\Assignment 2\Assignment 2.vcxproj" (build target(s)).

Build succeeded.

Time Elapsed 00:00:22.72
