Build started 12/11/2013 10:37:44 PM.
     1>Project "C:\Users\Rhett\Documents\Visual Studio 2010\Projects\Assignment_1\Assignment 1\Assignment 1\Assignment 1.vcxproj" on node 2 (build target(s)).
     1>InitializeBuildStatus:
         Creating "Debug\Assignment 1.unsuccessfulbuild" because "AlwaysCreate" was specified.
       ClCompile:
         C:\Program Files (x86)\Microsoft Visual Studio 10.0\VC\bin\CL.exe /c /ZI /nologo /W3 /WX- /Od /Oy- /D _MBCS /Gm /EHsc /RTC1 /MDd /GS /fp:precise /Zc:wchar_t /Zc:forScope /Fo"Debug\\" /Fd"Debug\vc100.pdb" /Gd /TP /analyze- /errorReport:prompt ParticleSystem.cpp
         ParticleSystem.cpp
     1>c:\users\rhett\documents\visual studio 2010\projects\assignment_1\assignment 1\assignment 1\particlesystem.cpp(70): warning C4305: 'argument' : truncation from 'double' to 'float'
     1>c:\users\rhett\documents\visual studio 2010\projects\assignment_1\assignment 1\assignment 1\particlesystem.cpp(132): warning C4244: 'argument' : conversion from 'int' to 'float', possible loss of data
     1>c:\users\rhett\documents\visual studio 2010\projects\assignment_1\assignment 1\assignment 1\particlesystem.cpp(132): warning C4244: 'argument' : conversion from 'int' to 'float', possible loss of data
     1>c:\users\rhett\documents\visual studio 2010\projects\assignment_1\assignment 1\assignment 1\particlesystem.cpp(157): warning C4244: '=' : conversion from 'int' to 'float', possible loss of data
     1>c:\users\rhett\documents\visual studio 2010\projects\assignment_1\assignment 1\assignment 1\particlesystem.cpp(172): warning C4018: '<' : signed/unsigned mismatch
     1>c:\users\rhett\documents\visual studio 2010\projects\assignment_1\assignment 1\assignment 1\particlesystem.cpp(188): warning C4018: '<' : signed/unsigned mismatch
     1>c:\users\rhett\documents\visual studio 2010\projects\assignment_1\assignment 1\assignment 1\particlesystem.cpp(199): warning C4018: '<' : signed/unsigned mismatch
     1>c:\users\rhett\documents\visual studio 2010\projects\assignment_1\assignment 1\assignment 1\particlesystem.cpp(210): warning C4018: '<' : signed/unsigned mismatch
     1>c:\users\rhett\documents\visual studio 2010\projects\assignment_1\assignment 1\assignment 1\particlesystem.cpp(221): warning C4018: '<' : signed/unsigned mismatch
     1>c:\users\rhett\documents\visual studio 2010\projects\assignment_1\assignment 1\assignment 1\particlesystem.cpp(242): warning C4018: '<' : signed/unsigned mismatch
     1>c:\users\rhett\documents\visual studio 2010\projects\assignment_1\assignment 1\assignment 1\particlesystem.cpp(262): warning C4018: '<' : signed/unsigned mismatch
     1>c:\users\rhett\documents\visual studio 2010\projects\assignment_1\assignment 1\assignment 1\particlesystem.cpp(326): warning C4244: 'argument' : conversion from 'int' to 'GLfloat', possible loss of data
     1>c:\users\rhett\documents\visual studio 2010\projects\assignment_1\assignment 1\assignment 1\particlesystem.cpp(357): warning C4018: '<' : signed/unsigned mismatch
     1>c:\users\rhett\documents\visual studio 2010\projects\assignment_1\assignment 1\assignment 1\particlesystem.cpp(398): warning C4244: '=' : conversion from 'float' to 'int', possible loss of data
     1>c:\users\rhett\documents\visual studio 2010\projects\assignment_1\assignment 1\assignment 1\particlesystem.cpp(399): warning C4244: 'argument' : conversion from 'int' to 'float', possible loss of data
     1>c:\users\rhett\documents\visual studio 2010\projects\assignment_1\assignment 1\assignment 1\particlesystem.cpp(399): warning C4244: 'argument' : conversion from 'int' to 'float', possible loss of data
     1>c:\users\rhett\documents\visual studio 2010\projects\assignment_1\assignment 1\assignment 1\particlesystem.cpp(404): warning C4244: '=' : conversion from 'float' to 'int', possible loss of data
     1>c:\users\rhett\documents\visual studio 2010\projects\assignment_1\assignment 1\assignment 1\particlesystem.cpp(405): warning C4244: 'argument' : conversion from 'int' to 'float', possible loss of data
     1>c:\users\rhett\documents\visual studio 2010\projects\assignment_1\assignment 1\assignment 1\particlesystem.cpp(405): warning C4244: 'argument' : conversion from 'int' to 'float', possible loss of data
     1>c:\users\rhett\documents\visual studio 2010\projects\assignment_1\assignment 1\assignment 1\particlesystem.cpp(441): warning C4244: 'argument' : conversion from 'int' to 'float', possible loss of data
     1>c:\users\rhett\documents\visual studio 2010\projects\assignment_1\assignment 1\assignment 1\particlesystem.cpp(441): warning C4244: 'argument' : conversion from 'int' to 'float', possible loss of data
     1>c:\users\rhett\documents\visual studio 2010\projects\assignment_1\assignment 1\assignment 1\particlesystem.cpp(478): warning C4244: '=' : conversion from 'float' to 'int', possible loss of data
     1>c:\users\rhett\documents\visual studio 2010\projects\assignment_1\assignment 1\assignment 1\particlesystem.cpp(482): warning C4244: '=' : conversion from 'int' to 'float', possible loss of data
     1>c:\users\rhett\documents\visual studio 2010\projects\assignment_1\assignment 1\assignment 1\particlesystem.cpp(483): warning C4244: '=' : conversion from 'int' to 'float', possible loss of data
     1>c:\users\rhett\documents\visual studio 2010\projects\assignment_1\assignment 1\assignment 1\particlesystem.cpp(484): warning C4244: '=' : conversion from 'int' to 'float', possible loss of data
     1>c:\users\rhett\documents\visual studio 2010\projects\assignment_1\assignment 1\assignment 1\particlesystem.cpp(489): warning C4244: '=' : conversion from 'int' to 'float', possible loss of data
     1>c:\users\rhett\documents\visual studio 2010\projects\assignment_1\assignment 1\assignment 1\particlesystem.cpp(490): warning C4244: '=' : conversion from 'int' to 'float', possible loss of data
     1>c:\users\rhett\documents\visual studio 2010\projects\assignment_1\assignment 1\assignment 1\particlesystem.cpp(491): warning C4244: '=' : conversion from 'int' to 'float', possible loss of data
     1>c:\users\rhett\documents\visual studio 2010\projects\assignment_1\assignment 1\assignment 1\particlesystem.cpp(498): warning C4244: '=' : conversion from 'int' to 'float', possible loss of data
     1>c:\users\rhett\documents\visual studio 2010\projects\assignment_1\assignment 1\assignment 1\particlesystem.cpp(499): warning C4244: '=' : conversion from 'int' to 'float', possible loss of data
     1>c:\users\rhett\documents\visual studio 2010\projects\assignment_1\assignment 1\assignment 1\particlesystem.cpp(500): warning C4244: '=' : conversion from 'int' to 'float', possible loss of data
     1>c:\users\rhett\documents\visual studio 2010\projects\assignment_1\assignment 1\assignment 1\particlesystem.cpp(506): warning C4244: '=' : conversion from 'int' to 'float', possible loss of data
     1>c:\users\rhett\documents\visual studio 2010\projects\assignment_1\assignment 1\assignment 1\particlesystem.cpp(507): warning C4244: '=' : conversion from 'int' to 'float', possible loss of data
     1>c:\users\rhett\documents\visual studio 2010\projects\assignment_1\assignment 1\assignment 1\particlesystem.cpp(508): warning C4244: '=' : conversion from 'int' to 'float', possible loss of data
     1>c:\users\rhett\documents\visual studio 2010\projects\assignment_1\assignment 1\assignment 1\particlesystem.cpp(535): warning C4244: '=' : conversion from 'int' to 'float', possible loss of data
     1>c:\users\rhett\documents\visual studio 2010\projects\assignment_1\assignment 1\assignment 1\particlesystem.cpp(536): warning C4244: '=' : conversion from 'int' to 'float', possible loss of data
     1>c:\users\rhett\documents\visual studio 2010\projects\assignment_1\assignment 1\assignment 1\particlesystem.cpp(537): warning C4244: '=' : conversion from 'float' to 'int', possible loss of data
     1>c:\users\rhett\documents\visual studio 2010\projects\assignment_1\assignment 1\assignment 1\particlesystem.cpp(538): warning C4244: '=' : conversion from 'int' to 'float', possible loss of data
     1>c:\users\rhett\documents\visual studio 2010\projects\assignment_1\assignment 1\assignment 1\particlesystem.cpp(539): warning C4244: '=' : conversion from 'int' to 'float', possible loss of data
     1>c:\users\rhett\documents\visual studio 2010\projects\assignment_1\assignment 1\assignment 1\particlesystem.cpp(542): warning C4244: 'argument' : conversion from 'int' to 'float', possible loss of data
     1>c:\users\rhett\documents\visual studio 2010\projects\assignment_1\assignment 1\assignment 1\particlesystem.cpp(542): warning C4244: 'argument' : conversion from 'int' to 'float', possible loss of data
     1>c:\users\rhett\documents\visual studio 2010\projects\assignment_1\assignment 1\assignment 1\particlesystem.cpp(545): warning C4244: 'argument' : conversion from 'int' to 'float', possible loss of data
     1>c:\users\rhett\documents\visual studio 2010\projects\assignment_1\assignment 1\assignment 1\particlesystem.cpp(545): warning C4244: 'argument' : conversion from 'int' to 'float', possible loss of data
     1>c:\users\rhett\documents\visual studio 2010\projects\assignment_1\assignment 1\assignment 1\particlesystem.cpp(552): warning C4244: 'argument' : conversion from 'time_t' to 'unsigned int', possible loss of data
     1>c:\users\rhett\documents\visual studio 2010\projects\assignment_1\assignment 1\assignment 1\particlesystem.cpp(556): warning C4244: 'argument' : conversion from 'float' to 'int', possible loss of data
     1>c:\users\rhett\documents\visual studio 2010\projects\assignment_1\assignment 1\assignment 1\particlesystem.cpp(556): warning C4244: 'argument' : conversion from 'float' to 'int', possible loss of data
       Link:
         C:\Program Files (x86)\Microsoft Visual Studio 10.0\VC\bin\link.exe /ERRORREPORT:PROMPT /OUT:"C:\Users\Rhett\Documents\Visual Studio 2010\Projects\Assignment_1\Assignment 1\Debug\Assignment 1.exe" /NOLOGO opengl32.lib freeglut.lib kernel32.lib user32.lib gdi32.lib winspool.lib comdlg32.lib advapi32.lib shell32.lib ole32.lib oleaut32.lib uuid.lib odbc32.lib odbccp32.lib /MANIFEST /ManifestFile:"Debug\Assignment 1.exe.intermediate.manifest" /MANIFESTUAC:"level='asInvoker' uiAccess='false'" /DEBUG /PDB:"C:\Users\Rhett\Documents\Visual Studio 2010\Projects\Assignment_1\Assignment 1\Debug\Assignment 1.pdb" /TLBID:1 /DYNAMICBASE /NXCOMPAT /IMPLIB:"C:\Users\Rhett\Documents\Visual Studio 2010\Projects\Assignment_1\Assignment 1\Debug\Assignment 1.lib" /MACHINE:X86 Debug\MathLib2D.obj
         Debug\ParticleSystem.obj
         LINK : C:\Users\Rhett\Documents\Visual Studio 2010\Projects\Assignment_1\Assignment 1\Debug\Assignment 1.exe not found or not built by the last incremental link; performing full link
         Assignment 1.vcxproj -> C:\Users\Rhett\Documents\Visual Studio 2010\Projects\Assignment_1\Assignment 1\Debug\Assignment 1.exe
       Manifest:
         C:\Program Files (x86)\Microsoft SDKs\Windows\v7.0A\bin\mt.exe /nologo /verbose /outputresource:"C:\Users\Rhett\Documents\Visual Studio 2010\Projects\Assignment_1\Assignment 1\Debug\Assignment 1.exe;#1" /manifest "Debug\Assignment 1.exe.intermediate.manifest"
       FinalizeBuildStatus:
         Deleting file "Debug\Assignment 1.unsuccessfulbuild".
         Touching "Debug\Assignment 1.lastbuildstate".
     1>Done Building Project "C:\Users\Rhett\Documents\Visual Studio 2010\Projects\Assignment_1\Assignment 1\Assignment 1\Assignment 1.vcxproj" (build target(s)).

Build succeeded.

Time Elapsed 00:00:01.92
