Build started 11/29/2013 4:20:52 PM.
     1>Project "C:\Users\Rhett\Documents\Visual Studio 2010\Projects\Assignment 3\Assignment 3\Assignment 3.vcxproj" on node 2 (build target(s)).
     1>InitializeBuildStatus:
         Creating "Debug\Assignment 3.unsuccessfulbuild" because "AlwaysCreate" was specified.
       ClCompile:
         C:\Program Files (x86)\Microsoft Visual Studio 10.0\VC\bin\CL.exe /c /ZI /nologo /W3 /WX- /Od /Oy- /D _MBCS /Gm /EHsc /RTC1 /MDd /GS /fp:precise /Zc:wchar_t /Zc:forScope /Fo"Debug\\" /Fd"Debug\vc100.pdb" /Gd /TP /analyze- /errorReport:prompt ObjectModeler.cpp
         ObjectModeler.cpp
     1>c:\users\rhett\documents\visual studio 2010\projects\assignment 3\assignment 3\objectmodeler.cpp(107): warning C4996: 'fopen': This function or variable may be unsafe. Consider using fopen_s instead. To disable deprecation, use _CRT_SECURE_NO_WARNINGS. See online help for details.
                 c:\program files (x86)\microsoft visual studio 10.0\vc\include\stdio.h(234) : see declaration of 'fopen'
     1>c:\users\rhett\documents\visual studio 2010\projects\assignment 3\assignment 3\objectmodeler.cpp(110): warning C4996: 'fscanf': This function or variable may be unsafe. Consider using fscanf_s instead. To disable deprecation, use _CRT_SECURE_NO_WARNINGS. See online help for details.
                 c:\program files (x86)\microsoft visual studio 10.0\vc\include\stdio.h(253) : see declaration of 'fscanf'
     1>c:\users\rhett\documents\visual studio 2010\projects\assignment 3\assignment 3\objectmodeler.cpp(123): warning C4996: 'fscanf': This function or variable may be unsafe. Consider using fscanf_s instead. To disable deprecation, use _CRT_SECURE_NO_WARNINGS. See online help for details.
                 c:\program files (x86)\microsoft visual studio 10.0\vc\include\stdio.h(253) : see declaration of 'fscanf'
     1>c:\users\rhett\documents\visual studio 2010\projects\assignment 3\assignment 3\objectmodeler.cpp(126): warning C4996: 'fscanf': This function or variable may be unsafe. Consider using fscanf_s instead. To disable deprecation, use _CRT_SECURE_NO_WARNINGS. See online help for details.
                 c:\program files (x86)\microsoft visual studio 10.0\vc\include\stdio.h(253) : see declaration of 'fscanf'
     1>c:\users\rhett\documents\visual studio 2010\projects\assignment 3\assignment 3\objectmodeler.cpp(128): warning C4996: 'fscanf': This function or variable may be unsafe. Consider using fscanf_s instead. To disable deprecation, use _CRT_SECURE_NO_WARNINGS. See online help for details.
                 c:\program files (x86)\microsoft visual studio 10.0\vc\include\stdio.h(253) : see declaration of 'fscanf'
     1>c:\users\rhett\documents\visual studio 2010\projects\assignment 3\assignment 3\objectmodeler.cpp(135): warning C4996: 'fscanf': This function or variable may be unsafe. Consider using fscanf_s instead. To disable deprecation, use _CRT_SECURE_NO_WARNINGS. See online help for details.
                 c:\program files (x86)\microsoft visual studio 10.0\vc\include\stdio.h(253) : see declaration of 'fscanf'
     1>c:\users\rhett\documents\visual studio 2010\projects\assignment 3\assignment 3\objectmodeler.cpp(146): warning C4244: '=' : conversion from 'double' to 'float', possible loss of data
     1>c:\users\rhett\documents\visual studio 2010\projects\assignment 3\assignment 3\objectmodeler.cpp(151): warning C4996: 'fscanf': This function or variable may be unsafe. Consider using fscanf_s instead. To disable deprecation, use _CRT_SECURE_NO_WARNINGS. See online help for details.
                 c:\program files (x86)\microsoft visual studio 10.0\vc\include\stdio.h(253) : see declaration of 'fscanf'
     1>c:\users\rhett\documents\visual studio 2010\projects\assignment 3\assignment 3\objectmodeler.cpp(152): warning C4244: '=' : conversion from 'float' to 'GLubyte', possible loss of data
     1>c:\users\rhett\documents\visual studio 2010\projects\assignment 3\assignment 3\objectmodeler.cpp(153): warning C4244: '=' : conversion from 'float' to 'GLubyte', possible loss of data
     1>c:\users\rhett\documents\visual studio 2010\projects\assignment 3\assignment 3\objectmodeler.cpp(154): warning C4244: '=' : conversion from 'float' to 'GLubyte', possible loss of data
     1>c:\users\rhett\documents\visual studio 2010\projects\assignment 3\assignment 3\objectmodeler.cpp(351): warning C4305: 'argument' : truncation from 'double' to 'GLfloat'
     1>c:\users\rhett\documents\visual studio 2010\projects\assignment 3\assignment 3\objectmodeler.cpp(351): warning C4305: 'argument' : truncation from 'double' to 'GLfloat'
     1>c:\users\rhett\documents\visual studio 2010\projects\assignment 3\assignment 3\objectmodeler.cpp(351): warning C4305: 'argument' : truncation from 'double' to 'GLfloat'
     1>c:\users\rhett\documents\visual studio 2010\projects\assignment 3\assignment 3\objectmodeler.cpp(356): warning C4305: 'argument' : truncation from 'double' to 'GLfloat'
     1>c:\users\rhett\documents\visual studio 2010\projects\assignment 3\assignment 3\objectmodeler.cpp(356): warning C4305: 'argument' : truncation from 'double' to 'GLfloat'
     1>c:\users\rhett\documents\visual studio 2010\projects\assignment 3\assignment 3\objectmodeler.cpp(404): warning C4018: '<' : signed/unsigned mismatch
     1>c:\users\rhett\documents\visual studio 2010\projects\assignment 3\assignment 3\objectmodeler.cpp(412): warning C4018: '<=' : signed/unsigned mismatch
     1>c:\users\rhett\documents\visual studio 2010\projects\assignment 3\assignment 3\objectmodeler.cpp(445): warning C4244: 'argument' : conversion from 'GLfloat' to 'GLint', possible loss of data
     1>c:\users\rhett\documents\visual studio 2010\projects\assignment 3\assignment 3\objectmodeler.cpp(445): warning C4244: 'argument' : conversion from 'GLfloat' to 'GLint', possible loss of data
     1>c:\users\rhett\documents\visual studio 2010\projects\assignment 3\assignment 3\objectmodeler.cpp(448): warning C4244: 'argument' : conversion from 'GLdouble' to 'float', possible loss of data
     1>c:\users\rhett\documents\visual studio 2010\projects\assignment 3\assignment 3\objectmodeler.cpp(448): warning C4244: 'argument' : conversion from 'GLdouble' to 'float', possible loss of data
     1>c:\users\rhett\documents\visual studio 2010\projects\assignment 3\assignment 3\objectmodeler.cpp(448): warning C4244: 'argument' : conversion from 'GLdouble' to 'float', possible loss of data
     1>c:\users\rhett\documents\visual studio 2010\projects\assignment 3\assignment 3\objectmodeler.cpp(474): warning C4018: '<' : signed/unsigned mismatch
     1>c:\users\rhett\documents\visual studio 2010\projects\assignment 3\assignment 3\objectmodeler.cpp(495): warning C4018: '<' : signed/unsigned mismatch
     1>c:\users\rhett\documents\visual studio 2010\projects\assignment 3\assignment 3\objectmodeler.cpp(498): warning C4018: '<' : signed/unsigned mismatch
     1>c:\users\rhett\documents\visual studio 2010\projects\assignment 3\assignment 3\objectmodeler.cpp(501): warning C4018: '<' : signed/unsigned mismatch
     1>c:\users\rhett\documents\visual studio 2010\projects\assignment 3\assignment 3\objectmodeler.cpp(506): warning C4018: '<' : signed/unsigned mismatch
     1>c:\users\rhett\documents\visual studio 2010\projects\assignment 3\assignment 3\objectmodeler.cpp(507): warning C4305: '-=' : truncation from 'double' to 'float'
     1>c:\users\rhett\documents\visual studio 2010\projects\assignment 3\assignment 3\objectmodeler.cpp(509): warning C4018: '<' : signed/unsigned mismatch
     1>c:\users\rhett\documents\visual studio 2010\projects\assignment 3\assignment 3\objectmodeler.cpp(510): warning C4305: '-=' : truncation from 'double' to 'float'
     1>c:\users\rhett\documents\visual studio 2010\projects\assignment 3\assignment 3\objectmodeler.cpp(512): warning C4018: '<' : signed/unsigned mismatch
     1>c:\users\rhett\documents\visual studio 2010\projects\assignment 3\assignment 3\objectmodeler.cpp(513): warning C4305: '-=' : truncation from 'double' to 'float'
     1>c:\users\rhett\documents\visual studio 2010\projects\assignment 3\assignment 3\objectmodeler.cpp(517): warning C4018: '<' : signed/unsigned mismatch
     1>c:\users\rhett\documents\visual studio 2010\projects\assignment 3\assignment 3\objectmodeler.cpp(520): warning C4018: '<' : signed/unsigned mismatch
     1>c:\users\rhett\documents\visual studio 2010\projects\assignment 3\assignment 3\objectmodeler.cpp(521): warning C4305: '-=' : truncation from 'double' to 'float'
     1>c:\users\rhett\documents\visual studio 2010\projects\assignment 3\assignment 3\objectmodeler.cpp(523): warning C4018: '<' : signed/unsigned mismatch
     1>c:\users\rhett\documents\visual studio 2010\projects\assignment 3\assignment 3\objectmodeler.cpp(524): warning C4305: '-=' : truncation from 'double' to 'float'
     1>c:\users\rhett\documents\visual studio 2010\projects\assignment 3\assignment 3\objectmodeler.cpp(636): warning C4018: '<' : signed/unsigned mismatch
     1>c:\users\rhett\documents\visual studio 2010\projects\assignment 3\assignment 3\objectmodeler.cpp(641): warning C4018: '<' : signed/unsigned mismatch
     1>c:\users\rhett\documents\visual studio 2010\projects\assignment 3\assignment 3\objectmodeler.cpp(646): warning C4018: '<' : signed/unsigned mismatch
     1>c:\users\rhett\documents\visual studio 2010\projects\assignment 3\assignment 3\objectmodeler.cpp(653): warning C4018: '<' : signed/unsigned mismatch
     1>c:\users\rhett\documents\visual studio 2010\projects\assignment 3\assignment 3\objectmodeler.cpp(654): warning C4305: '+=' : truncation from 'double' to 'float'
     1>c:\users\rhett\documents\visual studio 2010\projects\assignment 3\assignment 3\objectmodeler.cpp(658): warning C4018: '<' : signed/unsigned mismatch
     1>c:\users\rhett\documents\visual studio 2010\projects\assignment 3\assignment 3\objectmodeler.cpp(659): warning C4305: '+=' : truncation from 'double' to 'float'
     1>c:\users\rhett\documents\visual studio 2010\projects\assignment 3\assignment 3\objectmodeler.cpp(663): warning C4018: '<' : signed/unsigned mismatch
     1>c:\users\rhett\documents\visual studio 2010\projects\assignment 3\assignment 3\objectmodeler.cpp(664): warning C4305: '+=' : truncation from 'double' to 'float'
     1>c:\users\rhett\documents\visual studio 2010\projects\assignment 3\assignment 3\objectmodeler.cpp(669): warning C4018: '<' : signed/unsigned mismatch
     1>c:\users\rhett\documents\visual studio 2010\projects\assignment 3\assignment 3\objectmodeler.cpp(670): warning C4305: '+=' : truncation from 'double' to 'float'
     1>c:\users\rhett\documents\visual studio 2010\projects\assignment 3\assignment 3\objectmodeler.cpp(674): warning C4018: '<' : signed/unsigned mismatch
     1>c:\users\rhett\documents\visual studio 2010\projects\assignment 3\assignment 3\objectmodeler.cpp(675): warning C4305: '+=' : truncation from 'double' to 'float'
     1>c:\users\rhett\documents\visual studio 2010\projects\assignment 3\assignment 3\objectmodeler.cpp(679): warning C4018: '<' : signed/unsigned mismatch
     1>c:\users\rhett\documents\visual studio 2010\projects\assignment 3\assignment 3\objectmodeler.cpp(680): warning C4305: '+=' : truncation from 'double' to 'float'
     1>c:\users\rhett\documents\visual studio 2010\projects\assignment 3\assignment 3\objectmodeler.cpp(740): warning C4996: 'fopen': This function or variable may be unsafe. Consider using fopen_s instead. To disable deprecation, use _CRT_SECURE_NO_WARNINGS. See online help for details.
                 c:\program files (x86)\microsoft visual studio 10.0\vc\include\stdio.h(234) : see declaration of 'fopen'
     1>c:\users\rhett\documents\visual studio 2010\projects\assignment 3\assignment 3\objectmodeler.cpp(743): warning C4018: '<' : signed/unsigned mismatch
     1>c:\users\rhett\documents\visual studio 2010\projects\assignment 3\assignment 3\objectmodeler.cpp(710): warning C4101: 'hasDot' : unreferenced local variable
     1>c:\users\rhett\documents\visual studio 2010\projects\assignment 3\assignment 3\objectmodeler.cpp(774): warning C4018: '<' : signed/unsigned mismatch
     1>c:\users\rhett\documents\visual studio 2010\projects\assignment 3\assignment 3\objectmodeler.cpp(821): warning C4244: 'argument' : conversion from 'double' to 'float', possible loss of data
     1>c:\users\rhett\documents\visual studio 2010\projects\assignment 3\assignment 3\objectmodeler.cpp(821): warning C4244: 'argument' : conversion from 'double' to 'float', possible loss of data
     1>c:\users\rhett\documents\visual studio 2010\projects\assignment 3\assignment 3\objectmodeler.cpp(821): warning C4244: 'argument' : conversion from 'double' to 'float', possible loss of data
     1>c:\users\rhett\documents\visual studio 2010\projects\assignment 3\assignment 3\objectmodeler.cpp(822): warning C4244: 'argument' : conversion from 'double' to 'float', possible loss of data
     1>c:\users\rhett\documents\visual studio 2010\projects\assignment 3\assignment 3\objectmodeler.cpp(822): warning C4244: 'argument' : conversion from 'double' to 'float', possible loss of data
     1>c:\users\rhett\documents\visual studio 2010\projects\assignment 3\assignment 3\objectmodeler.cpp(822): warning C4244: 'argument' : conversion from 'double' to 'float', possible loss of data
     1>c:\users\rhett\documents\visual studio 2010\projects\assignment 3\assignment 3\objectmodeler.cpp(823): warning C4244: 'argument' : conversion from 'double' to 'float', possible loss of data
     1>c:\users\rhett\documents\visual studio 2010\projects\assignment 3\assignment 3\objectmodeler.cpp(823): warning C4244: 'argument' : conversion from 'double' to 'float', possible loss of data
     1>c:\users\rhett\documents\visual studio 2010\projects\assignment 3\assignment 3\objectmodeler.cpp(823): warning C4244: 'argument' : conversion from 'double' to 'float', possible loss of data
     1>c:\users\rhett\documents\visual studio 2010\projects\assignment 3\assignment 3\objectmodeler.cpp(824): warning C4244: 'argument' : conversion from 'double' to 'float', possible loss of data
     1>c:\users\rhett\documents\visual studio 2010\projects\assignment 3\assignment 3\objectmodeler.cpp(824): warning C4244: 'argument' : conversion from 'double' to 'float', possible loss of data
     1>c:\users\rhett\documents\visual studio 2010\projects\assignment 3\assignment 3\objectmodeler.cpp(824): warning C4244: 'argument' : conversion from 'double' to 'float', possible loss of data
     1>c:\users\rhett\documents\visual studio 2010\projects\assignment 3\assignment 3\objectmodeler.cpp(842): warning C4018: '<' : signed/unsigned mismatch
     1>c:\users\rhett\documents\visual studio 2010\projects\assignment 3\assignment 3\objectmodeler.cpp(887): warning C4018: '<' : signed/unsigned mismatch
     1>c:\users\rhett\documents\visual studio 2010\projects\assignment 3\assignment 3\objectmodeler.cpp(915): warning C4244: 'argument' : conversion from 'time_t' to 'unsigned int', possible loss of data
     1>c:\users\rhett\documents\visual studio 2010\projects\assignment 3\assignment 3\objectmodeler.cpp(923): warning C4244: 'argument' : conversion from 'float' to 'int', possible loss of data
     1>c:\users\rhett\documents\visual studio 2010\projects\assignment 3\assignment 3\objectmodeler.cpp(923): warning C4244: 'argument' : conversion from 'float' to 'int', possible loss of data
     1>c:\users\rhett\documents\visual studio 2010\projects\assignment 3\assignment 3\objectmodeler.cpp(938): warning C4305: 'argument' : truncation from 'double' to 'GLclampf'
     1>c:\users\rhett\documents\visual studio 2010\projects\assignment 3\assignment 3\objectmodeler.cpp(938): warning C4305: 'argument' : truncation from 'double' to 'GLclampf'
       Link:
         C:\Program Files (x86)\Microsoft Visual Studio 10.0\VC\bin\link.exe /ERRORREPORT:PROMPT /OUT:"C:\Users\Rhett\Documents\Visual Studio 2010\Projects\Assignment 3\Debug\Assignment 3.exe" /NOLOGO opengl32.lib freeglut.lib kernel32.lib user32.lib gdi32.lib winspool.lib comdlg32.lib advapi32.lib shell32.lib ole32.lib oleaut32.lib uuid.lib odbc32.lib odbccp32.lib /MANIFEST /ManifestFile:"Debug\Assignment 3.exe.intermediate.manifest" /MANIFESTUAC:"level='asInvoker' uiAccess='false'" /DEBUG /PDB:"C:\Users\Rhett\Documents\Visual Studio 2010\Projects\Assignment 3\Debug\Assignment 3.pdb" /TLBID:1 /DYNAMICBASE /NXCOMPAT /IMPLIB:"C:\Users\Rhett\Documents\Visual Studio 2010\Projects\Assignment 3\Debug\Assignment 3.lib" /MACHINE:X86 Debug\mathLib.obj
         Debug\ObjectModeler.obj
         LINK : C:\Users\Rhett\Documents\Visual Studio 2010\Projects\Assignment 3\Debug\Assignment 3.exe not found or not built by the last incremental link; performing full link
         Assignment 3.vcxproj -> C:\Users\Rhett\Documents\Visual Studio 2010\Projects\Assignment 3\Debug\Assignment 3.exe
       Manifest:
         C:\Program Files (x86)\Microsoft SDKs\Windows\v7.0A\bin\mt.exe /nologo /verbose /outputresource:"C:\Users\Rhett\Documents\Visual Studio 2010\Projects\Assignment 3\Debug\Assignment 3.exe;#1" /manifest "Debug\Assignment 3.exe.intermediate.manifest"
       FinalizeBuildStatus:
         Deleting file "Debug\Assignment 3.unsuccessfulbuild".
         Touching "Debug\Assignment 3.lastbuildstate".
     1>Done Building Project "C:\Users\Rhett\Documents\Visual Studio 2010\Projects\Assignment 3\Assignment 3\Assignment 3.vcxproj" (build target(s)).

Build succeeded.

Time Elapsed 00:00:01.74
