C:\USERS\RHETT\DOCUMENTS\VISUAL STUDIO 2010\PROJECTS\FINAL\DEBUG\FINAL.EXE
C:\USERS\RHETT\DOCUMENTS\VISUAL STUDIO 2010\PROJECTS\FINAL\DEBUG\FINAL.ILK
C:\USERS\RHETT\DOCUMENTS\VISUAL STUDIO 2010\PROJECTS\FINAL\DEBUG\FINAL.PDB
C:\USERS\RHETT\DOCUMENTS\VISUAL STUDIO 2010\PROJECTS\FINAL\FINAL\DEBUG\ANIMATION.OBJ
C:\USERS\RHETT\DOCUMENTS\VISUAL STUDIO 2010\PROJECTS\FINAL\FINAL\DEBUG\BOX.OBJ
C:\Users\Rhett\Documents\Visual Studio 2010\Projects\Final\Final\Debug\cl.command.1.tlog
C:\Users\Rhett\Documents\Visual Studio 2010\Projects\Final\Final\Debug\CL.read.1.tlog
C:\Users\Rhett\Documents\Visual Studio 2010\Projects\Final\Final\Debug\CL.write.1.tlog
C:\USERS\RHETT\DOCUMENTS\VISUAL STUDIO 2010\PROJECTS\FINAL\FINAL\DEBUG\FIGHTER.OBJ
C:\USERS\RHETT\DOCUMENTS\VISUAL STUDIO 2010\PROJECTS\FINAL\FINAL\DEBUG\FINAL.EXE.INTERMEDIATE.MANIFEST
C:\Users\Rhett\Documents\Visual Studio 2010\Projects\Final\Final\Debug\Final.vcxprojResolveAssemblyReference.cache
C:\Users\Rhett\Documents\Visual Studio 2010\Projects\Final\Final\Debug\Final.write.1.tlog
C:\USERS\RHETT\DOCUMENTS\VISUAL STUDIO 2010\PROJECTS\FINAL\FINAL\DEBUG\GAMESTATE.OBJ
C:\USERS\RHETT\DOCUMENTS\VISUAL STUDIO 2010\PROJECTS\FINAL\FINAL\DEBUG\HEALTHBAR.OBJ
C:\Users\Rhett\Documents\Visual Studio 2010\Projects\Final\Final\Debug\link.command.1.tlog
C:\Users\Rhett\Documents\Visual Studio 2010\Projects\Final\Final\Debug\link.read.1.tlog
C:\Users\Rhett\Documents\Visual Studio 2010\Projects\Final\Final\Debug\link.write.1.tlog
C:\USERS\RHETT\DOCUMENTS\VISUAL STUDIO 2010\PROJECTS\FINAL\FINAL\DEBUG\MAIN.OBJ
C:\USERS\RHETT\DOCUMENTS\VISUAL STUDIO 2010\PROJECTS\FINAL\FINAL\DEBUG\MATHLIB3D.OBJ
C:\Users\Rhett\Documents\Visual Studio 2010\Projects\Final\Final\Debug\mt.command.1.tlog
C:\Users\Rhett\Documents\Visual Studio 2010\Projects\Final\Final\Debug\mt.read.1.tlog
C:\Users\Rhett\Documents\Visual Studio 2010\Projects\Final\Final\Debug\mt.write.1.tlog
C:\USERS\RHETT\DOCUMENTS\VISUAL STUDIO 2010\PROJECTS\FINAL\FINAL\DEBUG\PLATFORM.OBJ
C:\USERS\RHETT\DOCUMENTS\VISUAL STUDIO 2010\PROJECTS\FINAL\FINAL\DEBUG\STAGE.OBJ
C:\Users\Rhett\Documents\Visual Studio 2010\Projects\Final\Final\Debug\vc100.idb
C:\USERS\RHETT\DOCUMENTS\VISUAL STUDIO 2010\PROJECTS\FINAL\FINAL\DEBUG\VC100.PDB
