Build started 11/11/13 11:52:58 AM.
     1>Project "C:\Users\Rhett\documents\visual studio 2010\Projects\Assignment 3\Assignment 3\Assignment 3.vcxproj" on node 2 (build target(s)).
     1>InitializeBuildStatus:
         Touching "Debug\Assignment 3.unsuccessfulbuild".
       ClCompile:
         c:\Program Files (x86)\Microsoft Visual Studio 10.0\VC\bin\CL.exe /c /ZI /nologo /W3 /WX- /Od /Oy- /D _MBCS /Gm /EHsc /RTC1 /MDd /GS /fp:precise /Zc:wchar_t /Zc:forScope /Fo"Debug\\" /Fd"Debug\vc100.pdb" /Gd /TP /analyze- /errorReport:prompt ObjectModeler.cpp
         ObjectModeler.cpp
     1>c:\users\rhett\documents\visual studio 2010\projects\assignment 3\assignment 3\objectmodeler.cpp(18): warning C4244: 'initializing' : conversion from 'int' to 'float', possible loss of data
     1>c:\users\rhett\documents\visual studio 2010\projects\assignment 3\assignment 3\objectmodeler.cpp(141): warning C4244: 'argument' : conversion from 'time_t' to 'unsigned int', possible loss of data
       Link:
         c:\Program Files (x86)\Microsoft Visual Studio 10.0\VC\bin\link.exe /ERRORREPORT:PROMPT /OUT:"C:\Users\Rhett\documents\visual studio 2010\Projects\Assignment 3\Debug\Assignment 3.exe" /NOLOGO opengl32.lib freeglut.lib kernel32.lib user32.lib gdi32.lib winspool.lib comdlg32.lib advapi32.lib shell32.lib ole32.lib oleaut32.lib uuid.lib odbc32.lib odbccp32.lib /MANIFEST /ManifestFile:"Debug\Assignment 3.exe.intermediate.manifest" /MANIFESTUAC:"level='asInvoker' uiAccess='false'" /DEBUG /PDB:"C:\Users\Rhett\documents\visual studio 2010\Projects\Assignment 3\Debug\Assignment 3.pdb" /TLBID:1 /DYNAMICBASE /NXCOMPAT /IMPLIB:"C:\Users\Rhett\documents\visual studio 2010\Projects\Assignment 3\Debug\Assignment 3.lib" /MACHINE:X86 Debug\MathLib3D.obj
         Debug\ObjectModeler.obj
         LINK : C:\Users\Rhett\documents\visual studio 2010\Projects\Assignment 3\Debug\Assignment 3.exe not found or not built by the last incremental link; performing full link
         Assignment 3.vcxproj -> C:\Users\Rhett\documents\visual studio 2010\Projects\Assignment 3\Debug\Assignment 3.exe
       Manifest:
         C:\Program Files (x86)\Microsoft SDKs\Windows\v7.0A\bin\mt.exe /nologo /verbose /outputresource:"C:\Users\Rhett\documents\visual studio 2010\Projects\Assignment 3\Debug\Assignment 3.exe;#1" /manifest "Debug\Assignment 3.exe.intermediate.manifest"
       FinalizeBuildStatus:
         Deleting file "Debug\Assignment 3.unsuccessfulbuild".
         Touching "Debug\Assignment 3.lastbuildstate".
     1>Done Building Project "C:\Users\Rhett\documents\visual studio 2010\Projects\Assignment 3\Assignment 3\Assignment 3.vcxproj" (build target(s)).

Build succeeded.

Time Elapsed 00:00:01.16
